<?xml version="1.0" encoding="UTF-8"?>
<!-- Generated by org.testng.reporters.JUnitReportReporter -->
<testsuite skipped="0" hostname="DESKTOP-1HOJCM7" name="com.opensource.admin.qa.TC004_Admin_DeleteUser_POM" tests="1" failures="1" timestamp="2021-02-27T12:12:16 CST" time="18.543" errors="0">
  <testcase name="TC004_Admin_DeleteUser_POM_TestScript" time="18.543" classname="com.opensource.admin.qa.TC004_Admin_DeleteUser_POM">
    <failure type="java.lang.AssertionError" message="Not able to assert Actual value: null Expected Value: Richard Zamora20">
      <![CDATA[java.lang.AssertionError: Not able to assert Actual value: null Expected Value: Richard Zamora20
at org.testng.Assert.fail(Assert.java:99)
at com.opensource.base.SeleniumWrapper.assertEquals(SeleniumWrapper.java:154)
at com.opensource.admin.UserManagement.validateFromSearchTable(UserManagement.java:100)
at com.opensource.admin.qa.TC004_Admin_DeleteUser_POM.TC004_Admin_DeleteUser_POM_TestScript(TC004_Admin_DeleteUser_POM.java:76)
at sun.reflect.NativeMethodAccessorImpl.invoke0(Native Method)
at sun.reflect.NativeMethodAccessorImpl.invoke(Unknown Source)
at sun.reflect.DelegatingMethodAccessorImpl.invoke(Unknown Source)
at java.lang.reflect.Method.invoke(Unknown Source)
at org.testng.internal.MethodInvocationHelper.invokeMethod(MethodInvocationHelper.java:132)
at org.testng.internal.TestInvoker.invokeMethod(TestInvoker.java:599)
at org.testng.internal.TestInvoker.invokeTestMethod(TestInvoker.java:174)
at org.testng.internal.MethodRunner.runInSequence(MethodRunner.java:46)
at org.testng.internal.TestInvoker$MethodInvocationAgent.invoke(TestInvoker.java:822)
at org.testng.internal.TestInvoker.invokeTestMethods(TestInvoker.java:147)
at org.testng.internal.TestMethodWorker.invokeTestMethods(TestMethodWorker.java:146)
at org.testng.internal.TestMethodWorker.run(TestMethodWorker.java:128)
at java.util.ArrayList.forEach(Unknown Source)
at org.testng.TestRunner.privateRun(TestRunner.java:764)
at org.testng.TestRunner.run(TestRunner.java:585)
at org.testng.SuiteRunner.runTest(SuiteRunner.java:384)
at org.testng.SuiteRunner.access$000(SuiteRunner.java:28)
at org.testng.SuiteRunner$SuiteWorker.run(SuiteRunner.java:425)
at org.testng.internal.thread.ThreadUtil.lambda$execute$0(ThreadUtil.java:66)
at java.util.concurrent.FutureTask.run(Unknown Source)
at java.util.concurrent.ThreadPoolExecutor.runWorker(Unknown Source)
at java.util.concurrent.ThreadPoolExecutor$Worker.run(Unknown Source)
at java.lang.Thread.run(Unknown Source)
]]>
    </failure>
  </testcase> <!-- TC004_Admin_DeleteUser_POM_TestScript -->
  <system-out>
Launching...https://opensource-demo.orangehrmlive.com/ Login into Orange open source Validate that you have logged in successfully Click Admin - Go to the admin page Search username in field Verify value in search table  </system-out>
</testsuite> <!-- com.opensource.admin.qa.TC004_Admin_DeleteUser_POM -->
